0 info it worked if it ends with ok
1 verbose cli [ '/home/smarigudmundsson/.nvm/versions/node/v6.9.1/bin/node',
1 verbose cli   '/home/smarigudmundsson/.nvm/versions/node/v6.9.1/bin/npm',
1 verbose cli   'run',
1 verbose cli   'startserver' ]
2 info using npm@3.10.8
3 info using node@v6.9.1
4 verbose run-script [ 'prestartserver', 'startserver', 'poststartserver' ]
5 info lifecycle an-outlandish-mean-app@1.0.0~prestartserver: an-outlandish-mean-app@1.0.0
6 silly lifecycle an-outlandish-mean-app@1.0.0~prestartserver: no script for prestartserver, continuing
7 info lifecycle an-outlandish-mean-app@1.0.0~startserver: an-outlandish-mean-app@1.0.0
8 verbose lifecycle an-outlandish-mean-app@1.0.0~startserver: unsafe-perm in lifecycle true
9 verbose lifecycle an-outlandish-mean-app@1.0.0~startserver: PATH: /home/smarigudmundsson/.nvm/versions/node/v6.9.1/lib/node_modules/npm/bin/node-gyp-bin:/home/smarigudmundsson/Desktop/HGOP/smarig16_HGOP_week_two/week2/node_modules/.bin:/home/smarigudmundsson/.nvm/versions/node/v6.9.1/bin:/home/smarigudmundsson/bin:/home/smarigudmundsson/.local/bin:/usr/local/sbin:/usr/local/bin:/usr/sbin:/usr/bin:/sbin:/bin:/usr/games:/usr/local/games:/snap/bin
10 verbose lifecycle an-outlandish-mean-app@1.0.0~startserver: CWD: /home/smarigudmundsson/Desktop/HGOP/smarig16_HGOP_week_two/week2
11 silly lifecycle an-outlandish-mean-app@1.0.0~startserver: Args: [ '-c',
11 silly lifecycle   'export NODE_PATH=. && npm run migratedb:dev && nodemon run.js' ]
12 silly lifecycle an-outlandish-mean-app@1.0.0~startserver: Returned: code: 1  signal: null
13 info lifecycle an-outlandish-mean-app@1.0.0~startserver: Failed to exec startserver script
14 verbose stack Error: an-outlandish-mean-app@1.0.0 startserver: `export NODE_PATH=. && npm run migratedb:dev && nodemon run.js`
14 verbose stack Exit status 1
14 verbose stack     at EventEmitter.<anonymous> (/home/smarigudmundsson/.nvm/versions/node/v6.9.1/lib/node_modules/npm/lib/utils/lifecycle.js:255:16)
14 verbose stack     at emitTwo (events.js:106:13)
14 verbose stack     at EventEmitter.emit (events.js:191:7)
14 verbose stack     at ChildProcess.<anonymous> (/home/smarigudmundsson/.nvm/versions/node/v6.9.1/lib/node_modules/npm/lib/utils/spawn.js:40:14)
14 verbose stack     at emitTwo (events.js:106:13)
14 verbose stack     at ChildProcess.emit (events.js:191:7)
14 verbose stack     at maybeClose (internal/child_process.js:877:16)
14 verbose stack     at Process.ChildProcess._handle.onexit (internal/child_process.js:226:5)
15 verbose pkgid an-outlandish-mean-app@1.0.0
16 verbose cwd /home/smarigudmundsson/Desktop/HGOP/smarig16_HGOP_week_two/week2
17 error Linux 4.10.0-42-generic
18 error argv "/home/smarigudmundsson/.nvm/versions/node/v6.9.1/bin/node" "/home/smarigudmundsson/.nvm/versions/node/v6.9.1/bin/npm" "run" "startserver"
19 error node v6.9.1
20 error npm  v3.10.8
21 error code ELIFECYCLE
22 error an-outlandish-mean-app@1.0.0 startserver: `export NODE_PATH=. && npm run migratedb:dev && nodemon run.js`
22 error Exit status 1
23 error Failed at the an-outlandish-mean-app@1.0.0 startserver script 'export NODE_PATH=. && npm run migratedb:dev && nodemon run.js'.
23 error Make sure you have the latest version of node.js and npm installed.
23 error If you do, this is most likely a problem with the an-outlandish-mean-app package,
23 error not with npm itself.
23 error Tell the author that this fails on your system:
23 error     export NODE_PATH=. && npm run migratedb:dev && nodemon run.js
23 error You can get information on how to open an issue for this project with:
23 error     npm bugs an-outlandish-mean-app
23 error Or if that isn't available, you can get their info via:
23 error     npm owner ls an-outlandish-mean-app
23 error There is likely additional logging output above.
24 verbose exit [ 1, true ]
